<?xml version="1.0" encoding="UTF-8"?>
<testng-results skipped="0" failed="0" ignored="0" total="1" passed="1">
  <reporter-output>
  </reporter-output>
  <suite name="Default suite" duration-ms="33590" started-at="2019-01-12T11:42:48Z" finished-at="2019-01-12T11:43:22Z">
    <groups>
    </groups>
    <test name="Default test" duration-ms="33590" started-at="2019-01-12T11:42:48Z" finished-at="2019-01-12T11:43:22Z">
      <class name="com.worpress.testcases.VerifyNewLogin">
        <test-method status="PASS" signature="test()[pri:0, instance:com.worpress.testcases.VerifyNewLogin@7f13d6e]" name="test" duration-ms="33545" started-at="2019-01-12T11:42:48Z" finished-at="2019-01-12T11:43:22Z">
          <reporter-output>
          </reporter-output>
        </test-method> <!-- test -->
      </class> <!-- com.worpress.testcases.VerifyNewLogin -->
    </test> <!-- Default test -->
  </suite> <!-- Default suite -->
</testng-results>
